--- adb starting (pid 9695) ---
adb I 06-23 13:54:29  9695  9695 main.cpp:57] Android Debug Bridge version 1.0.39
adb I 06-23 13:54:29  9695  9695 main.cpp:57] Version 1:8.1.0+r23-5~18.04
adb I 06-23 13:54:29  9695  9695 main.cpp:57] Installed as /usr/lib/android-sdk/platform-tools/adb
adb I 06-23 13:54:29  9695  9695 main.cpp:57] 
adb I 06-23 13:54:29  9695  9695 adb_auth_host.cpp:416] adb_auth_init...
adb I 06-23 13:54:29  9695  9695 adb_auth_host.cpp:174] read_key_file '/home/gustavo/.android/adbkey'...
adb I 06-23 13:54:29  9695  9695 adb_auth_host.cpp:391] adb_auth_inotify_init...
adb server killed by remote request
--- adb starting (pid 11721) ---
adb I 06-23 14:20:59 11721 11721 main.cpp:57] Android Debug Bridge version 1.0.39
adb I 06-23 14:20:59 11721 11721 main.cpp:57] Version 1:8.1.0+r23-5~18.04
adb I 06-23 14:20:59 11721 11721 main.cpp:57] Installed as /usr/lib/android-sdk/platform-tools/adb
adb I 06-23 14:20:59 11721 11721 main.cpp:57] 
adb I 06-23 14:20:59 11721 11721 adb_auth_host.cpp:416] adb_auth_init...
adb I 06-23 14:20:59 11721 11721 adb_auth_host.cpp:174] read_key_file '/home/gustavo/.android/adbkey'...
adb I 06-23 14:20:59 11721 11721 adb_auth_host.cpp:391] adb_auth_inotify_init...
--- adb starting (pid 6533) ---
adb I 06-23 20:25:52  6533  6533 main.cpp:57] Android Debug Bridge version 1.0.39
adb I 06-23 20:25:52  6533  6533 main.cpp:57] Version 1:8.1.0+r23-5~18.04
adb I 06-23 20:25:52  6533  6533 main.cpp:57] Installed as /usr/lib/android-sdk/platform-tools/adb
adb I 06-23 20:25:52  6533  6533 main.cpp:57] 
adb I 06-23 20:25:52  6533  6533 adb_auth_host.cpp:416] adb_auth_init...
adb I 06-23 20:25:52  6533  6533 adb_auth_host.cpp:174] read_key_file '/home/gustavo/.android/adbkey'...
adb I 06-23 20:25:53  6533  6533 adb_auth_host.cpp:391] adb_auth_inotify_init...
